<?xml version="1.0" encoding="UTF-8"?>
<!-- Generated by org.testng.reporters.JUnitXMLReporter -->
<testsuite ignored="0" hostname="LAPTOP-SLURSDT2" failures="1" tests="7" name="department" time="200.844" errors="0" timestamp="14 2æœˆ 2020 11:52:33 GMT">
  <testcase classname="pms.test.department.AddDepartmentTest" name="addDepartment" time="32.474"/>
  <testcase classname="pms.test.department.AllowanceTest" name="addAllowance" time="14.293">
    <failure type="org.openqa.selenium.NoSuchFrameException" message="No frame element found by name or id layui-layer-iframe1
Build info: version: &amp;apos;3.6.0&amp;apos;, revision: &amp;apos;6fbf3ec767&amp;apos;, time: &amp;apos;2017-09-27T16:15:40.131Z&amp;apos;
System info: host: &amp;apos;LAPTOP-SLURSDT2&amp;apos;, ip: &amp;apos;192.168.0.101&amp;apos;, os.name: &amp;apos;Windows 10&amp;apos;, os.arch: &amp;apos;amd64&amp;apos;, os.version: &amp;apos;10.0&amp;apos;, java.version: &amp;apos;9.0.4&amp;apos;
Driver info: driver.version: unknown">
      <![CDATA[org.openqa.selenium.NoSuchFrameException: No frame element found by name or id layui-layer-iframe1
Build info: version: '3.6.0', revision: '6fbf3ec767', time: '2017-09-27T16:15:40.131Z'
System info: host: 'LAPTOP-SLURSDT2', ip: '192.168.0.101', os.name: 'Windows 10', os.arch: 'amd64', os.version: '10.0', java.version: '9.0.4'
Driver info: driver.version: unknown
at org.openqa.selenium.remote.RemoteWebDriver$RemoteTargetLocator.frame(RemoteWebDriver.java:925)
at com.pms.core.WebDriverEngine.enterFrame(WebDriverEngine.java:59)
at pms.test.department.AllowanceTest.addAllowance(Unknown Source)
... Removed 24 stack frames]]>
    </failure>
  </testcase> <!-- addAllowance -->
  <testcase classname="pms.test.department.AllowanceTest" name="deleteAllowance" time="3.336"/>
  <testcase classname="pms.test.department.SearchDepartmentTest" name="searchtest" time="7.293"/>
  <testcase classname="pms.test.department.SearchDepartmentTest" name="searchtest" time="3.221"/>
  <testcase classname="pms.test.department.SearchDepartmentTest" name="searchtest" time="3.163"/>
  <testcase classname="pms.test.department.DeleteDepartmentTest" name="deleteDepartment" time="13.348"/>
</testsuite> <!-- department -->
