<html>
<head>
<title>TestNG:  department</title>
<link href="../testng.css" rel="stylesheet" type="text/css" />
<link href="../my-testng.css" rel="stylesheet" type="text/css" />

<style type="text/css">
.log { display: none;} 
.stack-trace { display: none;} 
</style>
<script type="text/javascript">
<!--
function flip(e) {
  current = e.style.display;
  if (current == 'block') {
    e.style.display = 'none';
    return 0;
  }
  else {
    e.style.display = 'block';
    return 1;
  }
}

function toggleBox(szDivId, elem, msg1, msg2)
{
  var res = -1;  if (document.getElementById) {
    res = flip(document.getElementById(szDivId));
  }
  else if (document.all) {
    // this is the way old msie versions work
    res = flip(document.all[szDivId]);
  }
  if(elem) {
    if(res == 0) elem.innerHTML = msg1; else elem.innerHTML = msg2;
  }

}

function toggleAllBoxes() {
  if (document.getElementsByTagName) {
    d = document.getElementsByTagName('div');
    for (i = 0; i < d.length; i++) {
      if (d[i].className == 'log') {
        flip(d[i]);
      }
    }
  }
}

// -->
</script>

</head>
<body>
<h2 align='center'>department</h2><table border='1' align="center">
<tr>
<td>Tests passed/Failed/Skipped:</td><td>6/1/0</td>
</tr><tr>
<td>Started on:</td><td>Fri Feb 14 19:49:12 CST 2020</td>
</tr>
<tr><td>Total time:</td><td>200 seconds (200844 ms)</td>
</tr><tr>
<td>Included groups:</td><td></td>
</tr><tr>
<td>Excluded groups:</td><td></td>
</tr>
</table><p/>
<small><i>(Hover the method name to see the test class name)</i></small><p/>
<table width='100%' border='1' class='invocation-failed'>
<tr><td colspan='4' align='center'><b>FAILED TESTS</b></td></tr>
<tr><td><b>Test method</b></td>
<td width="30%"><b>Exception</b></td>
<td width="10%"><b>Time (seconds)</b></td>
<td><b>Instance</b></td>
</tr>
<tr>
<td title='pms.test.department.AllowanceTest.addAllowance()'><b>addAllowance</b><br>Test class: pms.test.department.AllowanceTest</td>
<td><div><pre>org.openqa.selenium.NoSuchFrameException: No frame element found by name or id layui-layer-iframe1
Build info: version: &apos;3.6.0&apos;, revision: &apos;6fbf3ec767&apos;, time: &apos;2017-09-27T16:15:40.131Z&apos;
System info: host: &apos;LAPTOP-SLURSDT2&apos;, ip: &apos;192.168.0.101&apos;, os.name: &apos;Windows 10&apos;, os.arch: &apos;amd64&apos;, os.version: &apos;10.0&apos;, java.version: &apos;9.0.4&apos;
Driver info: driver.version: unknown
	at org.openqa.selenium.remote.RemoteWebDriver$RemoteTargetLocator.frame(RemoteWebDriver.java:925)
	at com.pms.core.WebDriverEngine.enterFrame(WebDriverEngine.java:59)
	at pms.test.department.AllowanceTest.addAllowance(Unknown Source)
... Removed 24 stack frames</pre></div><a href='#' onClick='toggleBox("stack-trace1910492961", this, "Click to show all stack frames", "Click to hide stack frames")'>Click to show all stack frames</a>
<div class='stack-trace' id='stack-trace1910492961'><pre>org.openqa.selenium.NoSuchFrameException: No frame element found by name or id layui-layer-iframe1
Build info: version: &apos;3.6.0&apos;, revision: &apos;6fbf3ec767&apos;, time: &apos;2017-09-27T16:15:40.131Z&apos;
System info: host: &apos;LAPTOP-SLURSDT2&apos;, ip: &apos;192.168.0.101&apos;, os.name: &apos;Windows 10&apos;, os.arch: &apos;amd64&apos;, os.version: &apos;10.0&apos;, java.version: &apos;9.0.4&apos;
Driver info: driver.version: unknown
	at org.openqa.selenium.remote.RemoteWebDriver$RemoteTargetLocator.frame(RemoteWebDriver.java:925)
	at com.pms.core.WebDriverEngine.enterFrame(WebDriverEngine.java:59)
	at pms.test.department.AllowanceTest.addAllowance(Unknown Source)
	at java.base/jdk.internal.reflect.NativeMethodAccessorImpl.invoke0(Native Method)
	at java.base/jdk.internal.reflect.NativeMethodAccessorImpl.invoke(NativeMethodAccessorImpl.java:62)
	at java.base/jdk.internal.reflect.DelegatingMethodAccessorImpl.invoke(DelegatingMethodAccessorImpl.java:43)
	at java.base/java.lang.reflect.Method.invoke(Method.java:564)
	at org.testng.internal.MethodInvocationHelper.invokeMethod(MethodInvocationHelper.java:124)
	at org.testng.internal.Invoker.invokeMethod(Invoker.java:580)
	at org.testng.internal.Invoker.invokeTestMethod(Invoker.java:716)
	at org.testng.internal.Invoker.invokeTestMethods(Invoker.java:988)
	at org.testng.internal.TestMethodWorker.invokeTestMethods(TestMethodWorker.java:125)
	at org.testng.internal.TestMethodWorker.run(TestMethodWorker.java:109)
	at org.testng.TestRunner.privateRun(TestRunner.java:648)
	at org.testng.TestRunner.run(TestRunner.java:505)
	at org.testng.SuiteRunner.runTest(SuiteRunner.java:455)
	at org.testng.SuiteRunner.runSequentially(SuiteRunner.java:450)
	at org.testng.SuiteRunner.privateRun(SuiteRunner.java:415)
	at org.testng.SuiteRunner.run(SuiteRunner.java:364)
	at org.testng.SuiteRunnerWorker.runSuite(SuiteRunnerWorker.java:52)
	at org.testng.SuiteRunnerWorker.run(SuiteRunnerWorker.java:84)
	at org.testng.TestNG.runSuitesSequentially(TestNG.java:1208)
	at org.testng.TestNG.runSuitesLocally(TestNG.java:1137)
	at org.testng.TestNG.runSuites(TestNG.java:1049)
	at org.testng.TestNG.run(TestNG.java:1017)
	at org.testng.TestNG.privateMain(TestNG.java:1354)
	at org.testng.TestNG.main(TestNG.java:1323)
</pre></div></td>
<td>14</td>
<td>pms.test.department.AllowanceTest@7e5afaa6</td></tr>
</table><p>
<table width='100%' border='1' class='invocation-passed'>
<tr><td colspan='4' align='center'><b>PASSED TESTS</b></td></tr>
<tr><td><b>Test method</b></td>
<td width="30%"><b>Exception</b></td>
<td width="10%"><b>Time (seconds)</b></td>
<td><b>Instance</b></td>
</tr>
<tr>
<td title='pms.test.department.AddDepartmentTest.addDepartment()'><b>addDepartment</b><br>Test class: pms.test.department.AddDepartmentTest</td>
<td></td>
<td>32</td>
<td>pms.test.department.AddDepartmentTest@483f6d77</td></tr>
<tr>
<td title='pms.test.department.AllowanceTest.deleteAllowance()'><b>deleteAllowance</b><br>Test class: pms.test.department.AllowanceTest</td>
<td></td>
<td>3</td>
<td>pms.test.department.AllowanceTest@7e5afaa6</td></tr>
<tr>
<td title='pms.test.department.DeleteDepartmentTest.deleteDepartment()'><b>deleteDepartment</b><br>Test class: pms.test.department.DeleteDepartmentTest</td>
<td></td>
<td>13</td>
<td>pms.test.department.DeleteDepartmentTest@28f3b248</td></tr>
<tr>
<td title='pms.test.department.SearchDepartmentTest.searchtest()'><b>searchtest</b><br>Test class: pms.test.department.SearchDepartmentTest<br>Parameters: 城建</td>
<td></td>
<td>7</td>
<td>pms.test.department.SearchDepartmentTest@63a12c68</td></tr>
<tr>
<td title='pms.test.department.SearchDepartmentTest.searchtest()'><b>searchtest</b><br>Test class: pms.test.department.SearchDepartmentTest<br>Parameters: 城 建</td>
<td></td>
<td>3</td>
<td>pms.test.department.SearchDepartmentTest@63a12c68</td></tr>
<tr>
<td title='pms.test.department.SearchDepartmentTest.searchtest()'><b>searchtest</b><br>Test class: pms.test.department.SearchDepartmentTest<br>Parameters: *城建</td>
<td></td>
<td>3</td>
<td>pms.test.department.SearchDepartmentTest@63a12c68</td></tr>
</table><p>
</body>
</html>